<?xml version="1.0" encoding="UTF-8"?>
<!-- Generated by org.testng.reporters.JUnitXMLReporter -->
<testsuite ignored="1" hostname="Saurabhs-MacBook-Pro.local" failures="1" tests="2" name="Test" time="78.352" errors="0" timestamp="2022-11-29T14:30:20 AST">
  <testcase classname="guru99Tests.Guru99LoginTests" name="loginToApplication" time="11.122">
    <failure type="java.lang.AssertionError" message="Manger Id : mngr458224 expected:&amp;lt;Manger Id : mngr458224&amp;gt; but was:&amp;lt;Actual manager id on the screen is either not available or not matching&amp;gt;">
      <![CDATA[java.lang.AssertionError: Manger Id : mngr458224 expected:<Manger Id : mngr458224> but was:<Actual manager id on the screen is either not available or not matching>
at guru99Tests.Guru99LoginTests.loginToApplication(Guru99LoginTests.java:38)
at java.base/java.util.ArrayList.forEach(ArrayList.java:1511)
... Removed 28 stack frames]]>
    </failure>
  </testcase> <!-- loginToApplication -->
  <testcase classname="guru99Tests.AmazonTests" name="searchProduct" time="18.816"/>
  <testcase classname="guru99Tests.Guru99LoginTests" name="loginToApplicationWithSoftAssertion" time="0.0">
    <ignored/>
  </testcase> <!-- loginToApplicationWithSoftAssertion -->
</testsuite> <!-- Test -->
