<?xml version="1.0" encoding="UTF-8"?>
<!-- Generated by org.testng.reporters.JUnitXMLReporter -->
<testsuite ignored="1" hostname="Saurabhs-MacBook-Pro.local" failures="1" tests="1" name="Test execution 1" time="32.223" errors="0" timestamp="2022-11-29T14:41:21 AST">
  <testcase classname="guru99Tests.Guru99LoginTests" name="loginToApplication" time="9.984">
    <failure type="java.lang.AssertionError" message="Manger Id : mngr458224 expected:&amp;lt;Manger Id : mngr458224&amp;gt; but was:&amp;lt;Actual manager id on the screen is either not available or not matching&amp;gt;">
      <![CDATA[java.lang.AssertionError: Manger Id : mngr458224 expected:<Manger Id : mngr458224> but was:<Actual manager id on the screen is either not available or not matching>
at guru99Tests.Guru99LoginTests.loginToApplication(Guru99LoginTests.java:38)
at java.base/java.util.ArrayList.forEach(ArrayList.java:1511)
at java.base/java.util.concurrent.FutureTask.run(FutureTask.java:264)
at java.base/java.util.concurrent.ThreadPoolExecutor.runWorker(ThreadPoolExecutor.java:1136)
at java.base/java.util.concurrent.ThreadPoolExecutor$Worker.run(ThreadPoolExecutor.java:635)
at java.base/java.lang.Thread.run(Thread.java:833)
... Removed 18 stack frames]]>
    </failure>
  </testcase> <!-- loginToApplication -->
  <testcase classname="guru99Tests.Guru99LoginTests" name="loginToApplicationWithSoftAssertion" time="0.0">
    <ignored/>
  </testcase> <!-- loginToApplicationWithSoftAssertion -->
</testsuite> <!-- Test execution 1 -->
